2025-04-04 07:00:22.083869 - Received CBT.V508.FILE267.PDS from FILE267.XMI 
2025-04-04 07:00:22.085668 - Found $$$#DATE.txt (text/plain) in CBT.V508.FILE267.PDS, moved to PDS/$$$#DATE
2025-04-04 07:00:22.085841 - Found $$HETUTL.jcl (text/plain) in CBT.V508.FILE267.PDS, moved to PDS/$$HETUTL
2025-04-04 07:00:22.085971 - Found $$HETUT1.jcl (text/plain) in CBT.V508.FILE267.PDS, moved to PDS/$$HETUT1
2025-04-04 07:00:22.086154 - Found $LOADLIB.xmi (application/xmit) in CBT.V508.FILE267.PDS, moved to PDS/$LOADLIB.xmi
2025-04-04 07:00:22.105161 - Received SBGOLOB.HETUTL.LOAD from $LOADLIB.xmi 
2025-04-04 07:00:22.105557 - Found HETUTL.bin (application/octet-stream) in SBGOLOB.HETUTL.LOAD, moved to $LOADLIB/HETUTL
2025-04-04 07:00:22.105934 - Found #CALL.txt (text/plain) in CBT.V508.FILE267.PDS, moved to PDS/#CALL
2025-04-04 07:00:22.106070 - Found #CSTR.txt (text/plain) in CBT.V508.FILE267.PDS, moved to PDS/#CSTR
2025-04-04 07:00:22.106192 - Found #EPILOG.txt (text/plain) in CBT.V508.FILE267.PDS, moved to PDS/#EPILOG
2025-04-04 07:00:22.106308 - Found #FRAME.txt (text/plain) in CBT.V508.FILE267.PDS, moved to PDS/#FRAME
2025-04-04 07:00:22.106425 - Found #GLOBAL.txt (text/plain) in CBT.V508.FILE267.PDS, moved to PDS/#GLOBAL
2025-04-04 07:00:22.106553 - Found #MEMCHR.txt (text/plain) in CBT.V508.FILE267.PDS, moved to PDS/#MEMCHR
2025-04-04 07:00:22.106668 - Found #MEMCMP.txt (text/plain) in CBT.V508.FILE267.PDS, moved to PDS/#MEMCMP
2025-04-04 07:00:22.106790 - Found #MEMCPY.txt (text/plain) in CBT.V508.FILE267.PDS, moved to PDS/#MEMCPY
2025-04-04 07:00:22.106904 - Found #MEMSET.txt (text/plain) in CBT.V508.FILE267.PDS, moved to PDS/#MEMSET
2025-04-04 07:00:22.107043 - Found #PROFILE.txt (text/plain) in CBT.V508.FILE267.PDS, moved to PDS/#PROFILE
2025-04-04 07:00:22.107158 - Found #PROLOG.txt (text/plain) in CBT.V508.FILE267.PDS, moved to PDS/#PROLOG
2025-04-04 07:00:22.107502 - Found @FILE267.txt (text/plain) in CBT.V508.FILE267.PDS, moved to PDS/@FILE267
2025-04-04 07:00:22.107705 - Found ADLER32.txt (text/plain) in CBT.V508.FILE267.PDS, moved to PDS/ADLER32
2025-04-04 07:00:22.107879 - Found BLKSRT.txt (text/plain) in CBT.V508.FILE267.PDS, moved to PDS/BLKSRT
2025-04-04 07:00:22.108017 - Found BZINTERR.txt (text/plain) in CBT.V508.FILE267.PDS, moved to PDS/BZINTERR
2025-04-04 07:00:22.108173 - Found BZLIB.txt (text/plain) in CBT.V508.FILE267.PDS, moved to PDS/BZLIB
2025-04-04 07:00:22.108340 - Found COMPRESB.txt (text/plain) in CBT.V508.FILE267.PDS, moved to PDS/COMPRESB
2025-04-04 07:00:22.108463 - Found COMPRESS.txt (text/plain) in CBT.V508.FILE267.PDS, moved to PDS/COMPRESS
2025-04-04 07:00:22.108592 - Found CRCTABLE.txt (text/plain) in CBT.V508.FILE267.PDS, moved to PDS/CRCTABLE
2025-04-04 07:00:22.108773 - Found CRC32.txt (text/plain) in CBT.V508.FILE267.PDS, moved to PDS/CRC32
2025-04-04 07:00:22.108989 - Found DECOMPR.txt (text/plain) in CBT.V508.FILE267.PDS, moved to PDS/DECOMPR
2025-04-04 07:00:22.109147 - Found DEFLATE.txt (text/plain) in CBT.V508.FILE267.PDS, moved to PDS/DEFLATE
2025-04-04 07:00:22.109273 - Found HETUTL.txt (text/plain) in CBT.V508.FILE267.PDS, moved to PDS/HETUTL
2025-04-04 07:00:22.109403 - Found HUFFMAN.txt (text/plain) in CBT.V508.FILE267.PDS, moved to PDS/HUFFMAN
2025-04-04 07:00:22.109537 - Found INFBLOCK.txt (text/plain) in CBT.V508.FILE267.PDS, moved to PDS/INFBLOCK
2025-04-04 07:00:22.109676 - Found INFCODES.txt (text/plain) in CBT.V508.FILE267.PDS, moved to PDS/INFCODES
2025-04-04 07:00:22.109797 - Found INFFAST.txt (text/plain) in CBT.V508.FILE267.PDS, moved to PDS/INFFAST
2025-04-04 07:00:22.109921 - Found INFLATE.txt (text/plain) in CBT.V508.FILE267.PDS, moved to PDS/INFLATE
2025-04-04 07:00:22.110057 - Found INFTREES.txt (text/plain) in CBT.V508.FILE267.PDS, moved to PDS/INFTREES
2025-04-04 07:00:22.110202 - Found INFUTIL.txt (text/plain) in CBT.V508.FILE267.PDS, moved to PDS/INFUTIL
2025-04-04 07:00:22.110312 - Found LIB.txt (text/plain) in CBT.V508.FILE267.PDS, moved to PDS/LIB
2025-04-04 07:00:22.110450 - Found MEMPOOL.txt (text/plain) in CBT.V508.FILE267.PDS, moved to PDS/MEMPOOL
2025-04-04 07:00:22.110570 - Found PRINTF.txt (text/plain) in CBT.V508.FILE267.PDS, moved to PDS/PRINTF
2025-04-04 07:00:22.110692 - Found PROFILE.txt (text/plain) in CBT.V508.FILE267.PDS, moved to PDS/PROFILE
2025-04-04 07:00:22.110826 - Found RANDTAB.txt (text/plain) in CBT.V508.FILE267.PDS, moved to PDS/RANDTAB
2025-04-04 07:00:22.110944 - Found STACK.txt (text/plain) in CBT.V508.FILE267.PDS, moved to PDS/STACK
2025-04-04 07:00:22.111105 - Found TREES.txt (text/plain) in CBT.V508.FILE267.PDS, moved to PDS/TREES
2025-04-04 07:00:22.111220 - Found UNCOMPR.txt (text/plain) in CBT.V508.FILE267.PDS, moved to PDS/UNCOMPR
2025-04-04 07:00:22.111346 - Found ZUTIL.txt (text/plain) in CBT.V508.FILE267.PDS, moved to PDS/ZUTIL
